<?xml version="1.0" encoding="UTF-8"?>
<testng-results ignored="0" total="1" passed="1" failed="0" skipped="0">
  <reporter-output>
  </reporter-output>
  <suite started-at="2019-12-02T15:58:34 IST" name="Default suite" finished-at="2019-12-02T15:59:08 IST" duration-ms="33135">
    <groups>
    </groups>
    <test started-at="2019-12-02T15:58:34 IST" name="Default test" finished-at="2019-12-02T15:59:08 IST" duration-ms="33135">
      <class name="guru.test99.AppTest">
        <test-method signature="test()[pri:0, instance:guru.test99.AppTest@4567f35d]" started-at="2019-12-02T15:58:35 IST" name="test" finished-at="2019-12-02T15:59:08 IST" duration-ms="33073" status="PASS">
          <reporter-output>
          </reporter-output>
        </test-method> <!-- test -->
      </class> <!-- guru.test99.AppTest -->
    </test> <!-- Default test -->
  </suite> <!-- Default suite -->
</testng-results>
